<?xml version="1.0" encoding="UTF-8"?>
<!-- Generated by org.testng.reporters.JUnitXMLReporter -->
<testsuite ignored="0" hostname="BMO" failures="0" tests="3" name="Default test" time="473.461" errors="0" timestamp="2022-10-07T12:21:24 CDT">
  <testcase classname="testing.FlightTest" name="FirstTest" time="35.018"/>
  <testcase classname="testing.FlightTest" name="SecondTest" time="58.009"/>
  <testcase classname="testing.FlightTest" name="AllStepsTest" time="117.733"/>
</testsuite> <!-- Default test -->
